{
  "D:/Study/Новая папка/rss-react-task/src/store/reducers/FormSlice.ts": {
    "path": "D:/Study/Новая папка/rss-react-task/src/store/reducers/FormSlice.ts",
    "statementMap": {
      "0": {
        "start": {
          "line": 2,
          "column": 21
        },
        "end": {
          "line": 4,
          "column": 1
        }
      },
      "1": {
        "start": {
          "line": 5,
          "column": 25
        },
        "end": {
          "line": 13,
          "column": 2
        }
      },
      "2": {
        "start": {
          "line": 10,
          "column": 6
        },
        "end": {
          "line": 10,
          "column": 39
        }
      },
      "3": {
        "start": {
          "line": 14,
          "column": 31
        },
        "end": {
          "line": 14,
          "column": 48
        }
      }
    },
    "fnMap": {
      "0": {
        "name": "(anonymous_0)",
        "decl": {
          "start": {
            "line": 9,
            "column": 4
          },
          "end": {
            "line": 9,
            "column": 5
          }
        },
        "loc": {
          "start": {
            "line": 9,
            "column": 31
          },
          "end": {
            "line": 11,
            "column": 5
          }
        },
        "line": 9
      }
    },
    "branchMap": {},
    "s": {
      "0": 17,
      "1": 17,
      "2": 2,
      "3": 17
    },
    "f": {
      "0": 2
    },
    "b": {},
    "inputSourceMap": {
      "version": 3,
      "sources": [
        "D:/Study/Новая папка/rss-react-task/src/store/reducers/FormSlice.ts"
      ],
      "mappings": "AAAA,SAAwB,mBAAmB;AAK3C,MAAM,eAA+B;AAAA,EACnC,OAAO,CAAC;AACV;AAEO,aAAM,YAAY,YAAY;AAAA,EACnC,MAAM;AAAA,EACN;AAAA,EACA,UAAU;AAAA,IACR,YAAY,OAAO,QAAmC;AACpD,YAAM,MAAM,KAAK,OAAO,OAAO;AAAA,IACjC;AAAA,EACF;AACF,CAAC;AAEM,aAAM,EAAE,YAAY,IAAI,UAAU;AAEzC,eAAe,UAAU;",
      "names": []
    },
    "_coverageSchema": "1a1c01bbd47fc00a2c39e90264f33305004495a9",
    "hash": "b60561e9b0c3b622197cb24f8f823021c4344215"
  },
  "D:/Study/Новая папка/rss-react-task/src/constants/constants.tsx": {
    "path": "D:/Study/Новая папка/rss-react-task/src/constants/constants.tsx",
    "statementMap": {
      "0": {
        "start": {
          "line": 1,
          "column": 29
        },
        "end": {
          "line": 1,
          "column": 55
        }
      },
      "1": {
        "start": {
          "line": 2,
          "column": 43
        },
        "end": {
          "line": 2,
          "column": 94
        }
      },
      "2": {
        "start": {
          "line": 3,
          "column": 43
        },
        "end": {
          "line": 3,
          "column": 90
        }
      },
      "3": {
        "start": {
          "line": 4,
          "column": 48
        },
        "end": {
          "line": 4,
          "column": 97
        }
      },
      "4": {
        "start": {
          "line": 5,
          "column": 53
        },
        "end": {
          "line": 5,
          "column": 110
        }
      },
      "5": {
        "start": {
          "line": 6,
          "column": 53
        },
        "end": {
          "line": 6,
          "column": 100
        }
      },
      "6": {
        "start": {
          "line": 7,
          "column": 43
        },
        "end": {
          "line": 7,
          "column": 85
        }
      },
      "7": {
        "start": {
          "line": 8,
          "column": 48
        },
        "end": {
          "line": 8,
          "column": 79
        }
      },
      "8": {
        "start": {
          "line": 9,
          "column": 36
        },
        "end": {
          "line": 9,
          "column": 105
        }
      },
      "9": {
        "start": {
          "line": 10,
          "column": 43
        },
        "end": {
          "line": 10,
          "column": 68
        }
      },
      "10": {
        "start": {
          "line": 11,
          "column": 30
        },
        "end": {
          "line": 11,
          "column": 70
        }
      },
      "11": {
        "start": {
          "line": 12,
          "column": 31
        },
        "end": {
          "line": 12,
          "column": 64
        }
      },
      "12": {
        "start": {
          "line": 13,
          "column": 29
        },
        "end": {
          "line": 13,
          "column": 74
        }
      },
      "13": {
        "start": {
          "line": 14,
          "column": 23
        },
        "end": {
          "line": 14,
          "column": 36
        }
      }
    },
    "fnMap": {},
    "branchMap": {},
    "s": {
      "0": 17,
      "1": 17,
      "2": 17,
      "3": 17,
      "4": 17,
      "5": 17,
      "6": 17,
      "7": 17,
      "8": 17,
      "9": 17,
      "10": 17,
      "11": 17,
      "12": 17,
      "13": 17
    },
    "f": {},
    "b": {},
    "inputSourceMap": {
      "version": 3,
      "mappings": "AAAO,aAAMA,gBAAgB;AACtB,aAAMC,8BAA8B;AACpC,aAAMC,8BAA8B;AACpC,aAAMC,mCAAmC;AACzC,aAAMC,wCACX;AACK,aAAMC,wCACX;AACK,aAAMC,8BAA8B;AACpC,aAAMC,mCAAmC;AAEzC,aAAMC,uBAAuB,CAClC,mBACA,aACA,WACA,UACA,cAAc;AAGT,aAAMC,8BAA8B;AAEpC,aAAMC,iBAAiB;AACvB,aAAMC,kBAAkB;AACxB,aAAMC,gBAAgB;AAEtB,aAAMC,UAAU",
      "names": [
        "ERROR_MESSAGE",
        "ERROR_MESSAGE_NUMBER_LENGTH",
        "ERROR_MESSAGE_NUMBER_FORMAT",
        "ERROR_MESSAGE_DESCRIPTION_LENGTH",
        "ERROR_MESSAGE_DESCRIPTION_WORD_LENGTH",
        "ERROR_MESSAGE_DESCRIPTION_ONLY_LETTER",
        "ERROR_MESSAGE_DELIVERY_PAST",
        "ERROR_MESSAGE_DELIVERY_THIS_YEAR",
        "INPUT_SELECT_OPTIONS",
        "MESSAGE_CARD_CREATE_SUCCESS",
        "URL_API_SEARCH",
        "URL_API_GET_ONE",
        "AUTHORIZATION",
        "TEST_ID"
      ],
      "sources": [
        "D:/Study/Новая папка/rss-react-task/src/constants/constants.tsx"
      ],
      "file": "D:/Study/Новая папка/rss-react-task/src/constants/constants.tsx"
    },
    "_coverageSchema": "1a1c01bbd47fc00a2c39e90264f33305004495a9",
    "hash": "b0399a9d45548912fa3c5a0ad0c94d7a344ea27d"
  },
  "D:/Study/Новая папка/rss-react-task/src/store/reducers/ActionCreators.ts": {
    "path": "D:/Study/Новая папка/rss-react-task/src/store/reducers/ActionCreators.ts",
    "statementMap": {
      "0": {
        "start": {
          "line": 4,
          "column": 25
        },
        "end": {
          "line": 18,
          "column": 2
        }
      },
      "1": {
        "start": {
          "line": 5,
          "column": 2
        },
        "end": {
          "line": 17,
          "column": 3
        }
      },
      "2": {
        "start": {
          "line": 6,
          "column": 21
        },
        "end": {
          "line": 6,
          "column": 95
        }
      },
      "3": {
        "start": {
          "line": 7,
          "column": 4
        },
        "end": {
          "line": 7,
          "column": 25
        }
      },
      "4": {
        "start": {
          "line": 9,
          "column": 19
        },
        "end": {
          "line": 9,
          "column": 21
        }
      },
      "5": {
        "start": {
          "line": 10,
          "column": 4
        },
        "end": {
          "line": 12,
          "column": 5
        }
      },
      "6": {
        "start": {
          "line": 11,
          "column": 6
        },
        "end": {
          "line": 11,
          "column": 46
        }
      },
      "7": {
        "start": {
          "line": 13,
          "column": 4
        },
        "end": {
          "line": 15,
          "column": 5
        }
      },
      "8": {
        "start": {
          "line": 14,
          "column": 6
        },
        "end": {
          "line": 14,
          "column": 29
        }
      },
      "9": {
        "start": {
          "line": 16,
          "column": 4
        },
        "end": {
          "line": 16,
          "column": 44
        }
      },
      "10": {
        "start": {
          "line": 19,
          "column": 29
        },
        "end": {
          "line": 38,
          "column": 1
        }
      },
      "11": {
        "start": {
          "line": 22,
          "column": 4
        },
        "end": {
          "line": 36,
          "column": 5
        }
      },
      "12": {
        "start": {
          "line": 23,
          "column": 18
        },
        "end": {
          "line": 25,
          "column": 7
        }
      },
      "13": {
        "start": {
          "line": 26,
          "column": 6
        },
        "end": {
          "line": 26,
          "column": 30
        }
      },
      "14": {
        "start": {
          "line": 28,
          "column": 21
        },
        "end": {
          "line": 28,
          "column": 23
        }
      },
      "15": {
        "start": {
          "line": 29,
          "column": 6
        },
        "end": {
          "line": 31,
          "column": 7
        }
      },
      "16": {
        "start": {
          "line": 30,
          "column": 8
        },
        "end": {
          "line": 30,
          "column": 48
        }
      },
      "17": {
        "start": {
          "line": 32,
          "column": 6
        },
        "end": {
          "line": 34,
          "column": 7
        }
      },
      "18": {
        "start": {
          "line": 33,
          "column": 8
        },
        "end": {
          "line": 33,
          "column": 31
        }
      },
      "19": {
        "start": {
          "line": 35,
          "column": 6
        },
        "end": {
          "line": 35,
          "column": 46
        }
      }
    },
    "fnMap": {
      "0": {
        "name": "(anonymous_0)",
        "decl": {
          "start": {
            "line": 4,
            "column": 59
          },
          "end": {
            "line": 4,
            "column": 60
          }
        },
        "loc": {
          "start": {
            "line": 4,
            "column": 87
          },
          "end": {
            "line": 18,
            "column": 1
          }
        },
        "line": 4
      },
      "1": {
        "name": "(anonymous_1)",
        "decl": {
          "start": {
            "line": 21,
            "column": 2
          },
          "end": {
            "line": 21,
            "column": 3
          }
        },
        "loc": {
          "start": {
            "line": 21,
            "column": 35
          },
          "end": {
            "line": 37,
            "column": 3
          }
        },
        "line": 21
      }
    },
    "branchMap": {
      "0": {
        "loc": {
          "start": {
            "line": 10,
            "column": 4
          },
          "end": {
            "line": 12,
            "column": 5
          }
        },
        "type": "if",
        "locations": [
          {
            "start": {
              "line": 10,
              "column": 4
            },
            "end": {
              "line": 12,
              "column": 5
            }
          },
          {
            "start": {},
            "end": {}
          }
        ],
        "line": 10
      },
      "1": {
        "loc": {
          "start": {
            "line": 13,
            "column": 4
          },
          "end": {
            "line": 15,
            "column": 5
          }
        },
        "type": "if",
        "locations": [
          {
            "start": {
              "line": 13,
              "column": 4
            },
            "end": {
              "line": 15,
              "column": 5
            }
          },
          {
            "start": {},
            "end": {}
          }
        ],
        "line": 13
      },
      "2": {
        "loc": {
          "start": {
            "line": 24,
            "column": 35
          },
          "end": {
            "line": 24,
            "column": 57
          }
        },
        "type": "binary-expr",
        "locations": [
          {
            "start": {
              "line": 24,
              "column": 35
            },
            "end": {
              "line": 24,
              "column": 46
            }
          },
          {
            "start": {
              "line": 24,
              "column": 50
            },
            "end": {
              "line": 24,
              "column": 57
            }
          }
        ],
        "line": 24
      },
      "3": {
        "loc": {
          "start": {
            "line": 29,
            "column": 6
          },
          "end": {
            "line": 31,
            "column": 7
          }
        },
        "type": "if",
        "locations": [
          {
            "start": {
              "line": 29,
              "column": 6
            },
            "end": {
              "line": 31,
              "column": 7
            }
          },
          {
            "start": {},
            "end": {}
          }
        ],
        "line": 29
      },
      "4": {
        "loc": {
          "start": {
            "line": 32,
            "column": 6
          },
          "end": {
            "line": 34,
            "column": 7
          }
        },
        "type": "if",
        "locations": [
          {
            "start": {
              "line": 32,
              "column": 6
            },
            "end": {
              "line": 34,
              "column": 7
            }
          },
          {
            "start": {},
            "end": {}
          }
        ],
        "line": 32
      }
    },
    "s": {
      "0": 17,
      "1": 3,
      "2": 3,
      "3": 3,
      "4": 0,
      "5": 0,
      "6": 0,
      "7": 0,
      "8": 0,
      "9": 0,
      "10": 17,
      "11": 11,
      "12": 11,
      "13": 11,
      "14": 0,
      "15": 0,
      "16": 0,
      "17": 0,
      "18": 0,
      "19": 0
    },
    "f": {
      "0": 3,
      "1": 11
    },
    "b": {
      "0": [
        0,
        0
      ],
      "1": [
        0,
        0
      ],
      "2": [
        11,
        8
      ],
      "3": [
        0,
        0
      ],
      "4": [
        0,
        0
      ]
    },
    "inputSourceMap": {
      "version": 3,
      "sources": [
        "D:/Study/Новая папка/rss-react-task/src/store/reducers/ActionCreators.ts"
      ],
      "mappings": "AAAA,SAAS,wBAAwB;AACjC,OAAO,WAAW;AAClB,SAAS,eAAe,iBAAiB,sBAAsB;AAExD,aAAM,YAAY,iBAAiB,iBAAiB,OAAO,QAAgB,aAAa;AAC7F,MAAI;AACF,UAAM,WAAW,MAAM,MAAM,IAAI,GAAG,mBAAmB,oBAAoB,eAAe;AAC1F,WAAO,SAAS;AAAA,EAClB,SAAS,GAAP;AACA,UAAM,SAAS,CAAC;AAChB,QAAI,MAAM,aAAa,CAAC,GAAG;AACzB,aAAO,KAAK,EAAE,UAAU,KAAK,OAAO,CAAC,CAAC;AAAA,IACxC;AACA,QAAI,aAAa,OAAO;AACtB,aAAO,KAAK,EAAE,OAAO;AAAA,IACvB;AACA,WAAO,SAAS,gBAAgB,MAAM;AAAA,EACxC;AACF,CAAC;AAEM,aAAM,gBAAgB;AAAA,EAC3B;AAAA,EACA,OAAO,aAAqB,aAAa;AACvC,QAAI;AACF,YAAM,MAAM,MAAM,MAAM;AAAA,QACtB,GAAG,wBAAwB,eAAe,qBAAqB;AAAA,MACjE;AACA,aAAO,IAAI,KAAK;AAAA,IAClB,SAAS,GAAP;AACA,YAAM,SAAS,CAAC;AAChB,UAAI,MAAM,aAAa,CAAC,GAAG;AACzB,eAAO,KAAK,EAAE,UAAU,KAAK,OAAO,CAAC,CAAC;AAAA,MACxC;AACA,UAAI,aAAa,OAAO;AACtB,eAAO,KAAK,EAAE,OAAO;AAAA,MACvB;AACA,aAAO,SAAS,gBAAgB,MAAM;AAAA,IACxC;AAAA,EACF;AACF;",
      "names": []
    },
    "_coverageSchema": "1a1c01bbd47fc00a2c39e90264f33305004495a9",
    "hash": "cb90285679ddaccc821626d443b75f422283fed0"
  },
  "D:/Study/Новая папка/rss-react-task/src/store/reducers/CardSlice.ts": {
    "path": "D:/Study/Новая папка/rss-react-task/src/store/reducers/CardSlice.ts",
    "statementMap": {
      "0": {
        "start": {
          "line": 3,
          "column": 21
        },
        "end": {
          "line": 8,
          "column": 1
        }
      },
      "1": {
        "start": {
          "line": 9,
          "column": 25
        },
        "end": {
          "line": 32,
          "column": 2
        }
      },
      "2": {
        "start": {
          "line": 15,
          "column": 6
        },
        "end": {
          "line": 15,
          "column": 30
        }
      },
      "3": {
        "start": {
          "line": 16,
          "column": 6
        },
        "end": {
          "line": 16,
          "column": 28
        }
      },
      "4": {
        "start": {
          "line": 17,
          "column": 6
        },
        "end": {
          "line": 17,
          "column": 34
        }
      },
      "5": {
        "start": {
          "line": 20,
          "column": 6
        },
        "end": {
          "line": 20,
          "column": 29
        }
      },
      "6": {
        "start": {
          "line": 21,
          "column": 6
        },
        "end": {
          "line": 21,
          "column": 24
        }
      },
      "7": {
        "start": {
          "line": 22,
          "column": 6
        },
        "end": {
          "line": 22,
          "column": 28
        }
      },
      "8": {
        "start": {
          "line": 23,
          "column": 6
        },
        "end": {
          "line": 23,
          "column": 28
        }
      },
      "9": {
        "start": {
          "line": 26,
          "column": 6
        },
        "end": {
          "line": 26,
          "column": 30
        }
      },
      "10": {
        "start": {
          "line": 27,
          "column": 6
        },
        "end": {
          "line": 27,
          "column": 27
        }
      },
      "11": {
        "start": {
          "line": 28,
          "column": 6
        },
        "end": {
          "line": 28,
          "column": 40
        }
      },
      "12": {
        "start": {
          "line": 29,
          "column": 6
        },
        "end": {
          "line": 29,
          "column": 24
        }
      }
    },
    "fnMap": {
      "0": {
        "name": "(anonymous_0)",
        "decl": {
          "start": {
            "line": 14,
            "column": 32
          },
          "end": {
            "line": 14,
            "column": 33
          }
        },
        "loc": {
          "start": {
            "line": 14,
            "column": 51
          },
          "end": {
            "line": 18,
            "column": 5
          }
        },
        "line": 14
      },
      "1": {
        "name": "(anonymous_1)",
        "decl": {
          "start": {
            "line": 19,
            "column": 30
          },
          "end": {
            "line": 19,
            "column": 31
          }
        },
        "loc": {
          "start": {
            "line": 19,
            "column": 41
          },
          "end": {
            "line": 24,
            "column": 5
          }
        },
        "line": 19
      },
      "2": {
        "name": "(anonymous_2)",
        "decl": {
          "start": {
            "line": 25,
            "column": 31
          },
          "end": {
            "line": 25,
            "column": 32
          }
        },
        "loc": {
          "start": {
            "line": 25,
            "column": 50
          },
          "end": {
            "line": 30,
            "column": 5
          }
        },
        "line": 25
      }
    },
    "branchMap": {},
    "s": {
      "0": 17,
      "1": 17,
      "2": 3,
      "3": 3,
      "4": 3,
      "5": 3,
      "6": 3,
      "7": 3,
      "8": 3,
      "9": 0,
      "10": 0,
      "11": 0,
      "12": 0
    },
    "f": {
      "0": 3,
      "1": 3,
      "2": 0
    },
    "b": {},
    "inputSourceMap": {
      "version": 3,
      "sources": [
        "D:/Study/Новая папка/rss-react-task/src/store/reducers/CardSlice.ts"
      ],
      "mappings": "AAAA,SAAwB,mBAAmB;AAE3C,SAAS,iBAAiB;AAK1B,MAAM,eAA+B;AAAA,EACnC,MAAM;AAAA,EACN,YAAY,CAAC;AAAA,EACb,WAAW;AAAA,EACX,SAAS;AACX;AAGO,aAAM,YAAY,YAAY;AAAA,EACnC,MAAM;AAAA,EACN;AAAA,EACA,UAAU,CAAC;AAAA,EACX,eAAe;AAAA,IACb,CAAC,UAAU,UAAU,IAAI,GAAG,CAAC,OAAO,WAAyC;AAC3E,YAAM,YAAY;AAClB,YAAM,aAAa,CAAC;AACpB,YAAM,OAAO,OAAO;AAAA,IACtB;AAAA,IACA,CAAC,UAAU,QAAQ,IAAI,GAAG,CAAC,UAAU;AACnC,YAAM,YAAY;AAClB,YAAM,OAAO;AACb,YAAM,aAAa,CAAC;AACpB,YAAM,UAAU;AAAA,IAClB;AAAA,IACA,CAAC,UAAU,SAAS,IAAI,GAAG,CAAC,OAAO,WAAoC;AACrE,YAAM,YAAY;AAClB,YAAM,UAAU;AAChB,YAAM,aAAa,OAAO;AAC1B,YAAM,OAAO;AAAA,IACf;AAAA,EACF;AACF,CAAC;AAED,eAAe,UAAU;",
      "names": []
    },
    "_coverageSchema": "1a1c01bbd47fc00a2c39e90264f33305004495a9",
    "hash": "adb5849efd55bbfb58a42fd67bdfca8bd2bff80d"
  },
  "D:/Study/Новая папка/rss-react-task/src/store/reducers/AllCardsSlice.ts": {
    "path": "D:/Study/Новая папка/rss-react-task/src/store/reducers/AllCardsSlice.ts",
    "statementMap": {
      "0": {
        "start": {
          "line": 3,
          "column": 21
        },
        "end": {
          "line": 10,
          "column": 1
        }
      },
      "1": {
        "start": {
          "line": 11,
          "column": 22
        },
        "end": {
          "line": 46,
          "column": 2
        }
      },
      "2": {
        "start": {
          "line": 16,
          "column": 6
        },
        "end": {
          "line": 16,
          "column": 41
        }
      },
      "3": {
        "start": {
          "line": 21,
          "column": 6
        },
        "end": {
          "line": 21,
          "column": 30
        }
      },
      "4": {
        "start": {
          "line": 22,
          "column": 6
        },
        "end": {
          "line": 22,
          "column": 28
        }
      },
      "5": {
        "start": {
          "line": 23,
          "column": 6
        },
        "end": {
          "line": 23,
          "column": 28
        }
      },
      "6": {
        "start": {
          "line": 24,
          "column": 6
        },
        "end": {
          "line": 24,
          "column": 40
        }
      },
      "7": {
        "start": {
          "line": 25,
          "column": 6
        },
        "end": {
          "line": 29,
          "column": 7
        }
      },
      "8": {
        "start": {
          "line": 26,
          "column": 8
        },
        "end": {
          "line": 26,
          "column": 32
        }
      },
      "9": {
        "start": {
          "line": 28,
          "column": 8
        },
        "end": {
          "line": 28,
          "column": 33
        }
      },
      "10": {
        "start": {
          "line": 32,
          "column": 6
        },
        "end": {
          "line": 32,
          "column": 29
        }
      },
      "11": {
        "start": {
          "line": 33,
          "column": 6
        },
        "end": {
          "line": 33,
          "column": 28
        }
      },
      "12": {
        "start": {
          "line": 34,
          "column": 6
        },
        "end": {
          "line": 34,
          "column": 28
        }
      },
      "13": {
        "start": {
          "line": 35,
          "column": 6
        },
        "end": {
          "line": 35,
          "column": 31
        }
      },
      "14": {
        "start": {
          "line": 36,
          "column": 6
        },
        "end": {
          "line": 36,
          "column": 28
        }
      },
      "15": {
        "start": {
          "line": 39,
          "column": 6
        },
        "end": {
          "line": 39,
          "column": 30
        }
      },
      "16": {
        "start": {
          "line": 40,
          "column": 6
        },
        "end": {
          "line": 40,
          "column": 27
        }
      },
      "17": {
        "start": {
          "line": 41,
          "column": 6
        },
        "end": {
          "line": 41,
          "column": 40
        }
      },
      "18": {
        "start": {
          "line": 42,
          "column": 6
        },
        "end": {
          "line": 42,
          "column": 31
        }
      },
      "19": {
        "start": {
          "line": 43,
          "column": 6
        },
        "end": {
          "line": 43,
          "column": 28
        }
      },
      "20": {
        "start": {
          "line": 47,
          "column": 29
        },
        "end": {
          "line": 47,
          "column": 50
        }
      }
    },
    "fnMap": {
      "0": {
        "name": "(anonymous_0)",
        "decl": {
          "start": {
            "line": 15,
            "column": 4
          },
          "end": {
            "line": 15,
            "column": 5
          }
        },
        "loc": {
          "start": {
            "line": 15,
            "column": 29
          },
          "end": {
            "line": 17,
            "column": 5
          }
        },
        "line": 15
      },
      "1": {
        "name": "(anonymous_1)",
        "decl": {
          "start": {
            "line": 20,
            "column": 36
          },
          "end": {
            "line": 20,
            "column": 37
          }
        },
        "loc": {
          "start": {
            "line": 20,
            "column": 55
          },
          "end": {
            "line": 30,
            "column": 5
          }
        },
        "line": 20
      },
      "2": {
        "name": "(anonymous_2)",
        "decl": {
          "start": {
            "line": 31,
            "column": 34
          },
          "end": {
            "line": 31,
            "column": 35
          }
        },
        "loc": {
          "start": {
            "line": 31,
            "column": 45
          },
          "end": {
            "line": 37,
            "column": 5
          }
        },
        "line": 31
      },
      "3": {
        "name": "(anonymous_3)",
        "decl": {
          "start": {
            "line": 38,
            "column": 35
          },
          "end": {
            "line": 38,
            "column": 36
          }
        },
        "loc": {
          "start": {
            "line": 38,
            "column": 54
          },
          "end": {
            "line": 44,
            "column": 5
          }
        },
        "line": 38
      }
    },
    "branchMap": {
      "0": {
        "loc": {
          "start": {
            "line": 25,
            "column": 6
          },
          "end": {
            "line": 29,
            "column": 7
          }
        },
        "type": "if",
        "locations": [
          {
            "start": {
              "line": 25,
              "column": 6
            },
            "end": {
              "line": 29,
              "column": 7
            }
          },
          {
            "start": {
              "line": 27,
              "column": 13
            },
            "end": {
              "line": 29,
              "column": 7
            }
          }
        ],
        "line": 25
      }
    },
    "s": {
      "0": 17,
      "1": 17,
      "2": 12,
      "3": 11,
      "4": 11,
      "5": 11,
      "6": 11,
      "7": 11,
      "8": 3,
      "9": 8,
      "10": 11,
      "11": 11,
      "12": 11,
      "13": 11,
      "14": 11,
      "15": 0,
      "16": 0,
      "17": 0,
      "18": 0,
      "19": 0,
      "20": 17
    },
    "f": {
      "0": 12,
      "1": 11,
      "2": 11,
      "3": 0
    },
    "b": {
      "0": [
        3,
        8
      ]
    },
    "inputSourceMap": {
      "version": 3,
      "sources": [
        "D:/Study/Новая папка/rss-react-task/src/store/reducers/AllCardsSlice.ts"
      ],
      "mappings": "AAAA,SAAwB,mBAAmB;AAE3C,SAAS,qBAAqB;AAK9B,MAAM,eAA+B;AAAA,EACnC,aAAa;AAAA,EACb,YAAY,CAAC;AAAA,EACb,SAAS;AAAA,EACT,YAAY,CAAC;AAAA,EACb,WAAW;AAAA,EACX,YAAY;AACd;AAGA,MAAM,gBAAgB,YAAY;AAAA,EAChC,MAAM;AAAA,EACN;AAAA,EACA,UAAU;AAAA,IACR,UAAU,OAAO,QAA+B;AAC9C,YAAM,cAAc,OAAO;AAAA,IAC7B;AAAA,EACF;AAAA,EACA,eAAe;AAAA,IACb,CAAC,cAAc,UAAU,IAAI,GAAG,CAAC,OAAO,WAA4C;AAClF,YAAM,YAAY;AAClB,YAAM,aAAa,CAAC;AACpB,YAAM,UAAU;AAChB,YAAM,aAAa,OAAO;AAC1B,UAAI,MAAM,WAAW,WAAW,GAAG;AACjC,cAAM,aAAa;AAAA,MACrB,OAAO;AACL,cAAM,aAAa;AAAA,MACrB;AAAA,IACF;AAAA,IACA,CAAC,cAAc,QAAQ,IAAI,GAAG,CAAC,UAAU;AACvC,YAAM,YAAY;AAClB,YAAM,aAAa,CAAC;AACpB,YAAM,aAAa,CAAC;AACpB,YAAM,aAAa;AACnB,YAAM,UAAU;AAAA,IAClB;AAAA,IACA,CAAC,cAAc,SAAS,IAAI,GAAG,CAAC,OAAO,WAAoC;AACzE,YAAM,YAAY;AAClB,YAAM,UAAU;AAChB,YAAM,aAAa,OAAO;AAC1B,YAAM,aAAa;AACnB,YAAM,aAAa,CAAC;AAAA,IACtB;AAAA,EACF;AACF,CAAC;AAEM,aAAM,EAAE,UAAU,IAAI,cAAc;AAE3C,eAAe,cAAc;",
      "names": []
    },
    "_coverageSchema": "1a1c01bbd47fc00a2c39e90264f33305004495a9",
    "hash": "13ea866f6721f8f4774e280222b6a13ea9bb73d0"
  },
  "D:/Study/Новая папка/rss-react-task/src/store/store.ts": {
    "path": "D:/Study/Новая папка/rss-react-task/src/store/store.ts",
    "statementMap": {
      "0": {
        "start": {
          "line": 5,
          "column": 20
        },
        "end": {
          "line": 9,
          "column": 2
        }
      },
      "1": {
        "start": {
          "line": 10,
          "column": 26
        },
        "end": {
          "line": 15,
          "column": 1
        }
      },
      "2": {
        "start": {
          "line": 11,
          "column": 2
        },
        "end": {
          "line": 14,
          "column": 5
        }
      }
    },
    "fnMap": {
      "0": {
        "name": "(anonymous_0)",
        "decl": {
          "start": {
            "line": 10,
            "column": 26
          },
          "end": {
            "line": 10,
            "column": 27
          }
        },
        "loc": {
          "start": {
            "line": 10,
            "column": 46
          },
          "end": {
            "line": 15,
            "column": 1
          }
        },
        "line": 10
      }
    },
    "branchMap": {},
    "s": {
      "0": 17,
      "1": 17,
      "2": 17
    },
    "f": {
      "0": 17
    },
    "b": {},
    "inputSourceMap": {
      "version": 3,
      "sources": [
        "D:/Study/Новая папка/rss-react-task/src/store/store.ts"
      ],
      "mappings": "AAAA,SAAyB,iBAAiB,sBAAsB;AAEhE,OAAO,iBAAiB;AACxB,OAAO,iBAAiB;AACxB,OAAO,qBAAqB;AAE5B,MAAM,cAAc,gBAAgB;AAAA,EAClC;AAAA,EACA;AAAA,EACA;AACF,CAAC;AAEM,aAAM,aAAa,CAAC,mBAA+C;AACxE,SAAO,eAAe;AAAA,IACpB,SAAS;AAAA,IACT;AAAA,EACF,CAAC;AACH;",
      "names": []
    },
    "_coverageSchema": "1a1c01bbd47fc00a2c39e90264f33305004495a9",
    "hash": "960a043a507c7486c8161fd7115a730e851b121f"
  },
  "D:/Study/Новая папка/rss-react-task/src/components/Header/HeaderComponent.tsx": {
    "path": "D:/Study/Новая папка/rss-react-task/src/components/Header/HeaderComponent.tsx",
    "statementMap": {
      "0": {
        "start": {
          "line": 5,
          "column": 0
        },
        "end": {
          "line": 15,
          "column": 1
        }
      },
      "1": {
        "start": {
          "line": 6,
          "column": 2
        },
        "end": {
          "line": 8,
          "column": 3
        }
      },
      "2": {
        "start": {
          "line": 7,
          "column": 4
        },
        "end": {
          "line": 7,
          "column": 165
        }
      },
      "3": {
        "start": {
          "line": 9,
          "column": 2
        },
        "end": {
          "line": 9,
          "column": 39
        }
      },
      "4": {
        "start": {
          "line": 10,
          "column": 2
        },
        "end": {
          "line": 10,
          "column": 39
        }
      },
      "5": {
        "start": {
          "line": 11,
          "column": 2
        },
        "end": {
          "line": 13,
          "column": 4
        }
      },
      "6": {
        "start": {
          "line": 12,
          "column": 4
        },
        "end": {
          "line": 12,
          "column": 121
        }
      },
      "7": {
        "start": {
          "line": 14,
          "column": 2
        },
        "end": {
          "line": 14,
          "column": 75
        }
      },
      "8": {
        "start": {
          "line": 19,
          "column": 2
        },
        "end": {
          "line": 162,
          "column": 11
        }
      },
      "9": {
        "start": {
          "line": 100,
          "column": 14
        },
        "end": {
          "line": 100,
          "column": 81
        }
      },
      "10": {
        "start": {
          "line": 111,
          "column": 14
        },
        "end": {
          "line": 111,
          "column": 81
        }
      },
      "11": {
        "start": {
          "line": 122,
          "column": 14
        },
        "end": {
          "line": 122,
          "column": 81
        }
      },
      "12": {
        "start": {
          "line": 164,
          "column": 0
        },
        "end": {
          "line": 164,
          "column": 21
        }
      },
      "13": {
        "start": {
          "line": 166,
          "column": 0
        },
        "end": {
          "line": 166,
          "column": 36
        }
      },
      "14": {
        "start": {
          "line": 167,
          "column": 0
        },
        "end": {
          "line": 183,
          "column": 1
        }
      },
      "15": {
        "start": {
          "line": 168,
          "column": 2
        },
        "end": {
          "line": 168,
          "column": 39
        }
      },
      "16": {
        "start": {
          "line": 169,
          "column": 2
        },
        "end": {
          "line": 169,
          "column": 39
        }
      },
      "17": {
        "start": {
          "line": 170,
          "column": 2
        },
        "end": {
          "line": 182,
          "column": 5
        }
      },
      "18": {
        "start": {
          "line": 174,
          "column": 4
        },
        "end": {
          "line": 174,
          "column": 147
        }
      },
      "19": {
        "start": {
          "line": 175,
          "column": 4
        },
        "end": {
          "line": 181,
          "column": 7
        }
      },
      "20": {
        "start": {
          "line": 176,
          "column": 6
        },
        "end": {
          "line": 177,
          "column": 15
        }
      },
      "21": {
        "start": {
          "line": 177,
          "column": 8
        },
        "end": {
          "line": 177,
          "column": 15
        }
      },
      "22": {
        "start": {
          "line": 178,
          "column": 32
        },
        "end": {
          "line": 178,
          "column": 115
        }
      },
      "23": {
        "start": {
          "line": 179,
          "column": 6
        },
        "end": {
          "line": 180,
          "column": 54
        }
      },
      "24": {
        "start": {
          "line": 180,
          "column": 8
        },
        "end": {
          "line": 180,
          "column": 54
        }
      }
    },
    "fnMap": {
      "0": {
        "name": "(anonymous_0)",
        "decl": {
          "start": {
            "line": 11,
            "column": 24
          },
          "end": {
            "line": 11,
            "column": 25
          }
        },
        "loc": {
          "start": {
            "line": 11,
            "column": 38
          },
          "end": {
            "line": 13,
            "column": 3
          }
        },
        "line": 11
      },
      "1": {
        "name": "HeaderComponent",
        "decl": {
          "start": {
            "line": 18,
            "column": 24
          },
          "end": {
            "line": 18,
            "column": 39
          }
        },
        "loc": {
          "start": {
            "line": 18,
            "column": 42
          },
          "end": {
            "line": 163,
            "column": 1
          }
        },
        "line": 18
      },
      "2": {
        "name": "(anonymous_2)",
        "decl": {
          "start": {
            "line": 98,
            "column": 134
          },
          "end": {
            "line": 98,
            "column": 135
          }
        },
        "loc": {
          "start": {
            "line": 100,
            "column": 14
          },
          "end": {
            "line": 100,
            "column": 81
          }
        },
        "line": 100
      },
      "3": {
        "name": "(anonymous_3)",
        "decl": {
          "start": {
            "line": 109,
            "column": 141
          },
          "end": {
            "line": 109,
            "column": 142
          }
        },
        "loc": {
          "start": {
            "line": 111,
            "column": 14
          },
          "end": {
            "line": 111,
            "column": 81
          }
        },
        "line": 111
      },
      "4": {
        "name": "(anonymous_4)",
        "decl": {
          "start": {
            "line": 120,
            "column": 169
          },
          "end": {
            "line": 120,
            "column": 170
          }
        },
        "loc": {
          "start": {
            "line": 122,
            "column": 14
          },
          "end": {
            "line": 122,
            "column": 81
          }
        },
        "line": 122
      },
      "5": {
        "name": "(anonymous_5)",
        "decl": {
          "start": {
            "line": 173,
            "column": 9
          },
          "end": {
            "line": 173,
            "column": 10
          }
        },
        "loc": {
          "start": {
            "line": 173,
            "column": 29
          },
          "end": {
            "line": 182,
            "column": 3
          }
        },
        "line": 173
      },
      "6": {
        "name": "(anonymous_6)",
        "decl": {
          "start": {
            "line": 175,
            "column": 27
          },
          "end": {
            "line": 175,
            "column": 28
          }
        },
        "loc": {
          "start": {
            "line": 175,
            "column": 44
          },
          "end": {
            "line": 181,
            "column": 5
          }
        },
        "line": 175
      }
    },
    "branchMap": {
      "0": {
        "loc": {
          "start": {
            "line": 5,
            "column": 0
          },
          "end": {
            "line": 15,
            "column": 1
          }
        },
        "type": "if",
        "locations": [
          {
            "start": {
              "line": 5,
              "column": 0
            },
            "end": {
              "line": 15,
              "column": 1
            }
          },
          {
            "start": {},
            "end": {}
          }
        ],
        "line": 5
      },
      "1": {
        "loc": {
          "start": {
            "line": 6,
            "column": 2
          },
          "end": {
            "line": 8,
            "column": 3
          }
        },
        "type": "if",
        "locations": [
          {
            "start": {
              "line": 6,
              "column": 2
            },
            "end": {
              "line": 8,
              "column": 3
            }
          },
          {
            "start": {},
            "end": {}
          }
        ],
        "line": 6
      },
      "2": {
        "loc": {
          "start": {
            "line": 100,
            "column": 14
          },
          "end": {
            "line": 100,
            "column": 81
          }
        },
        "type": "cond-expr",
        "locations": [
          {
            "start": {
              "line": 100,
              "column": 25
            },
            "end": {
              "line": 100,
              "column": 55
            }
          },
          {
            "start": {
              "line": 100,
              "column": 58
            },
            "end": {
              "line": 100,
              "column": 81
            }
          }
        ],
        "line": 100
      },
      "3": {
        "loc": {
          "start": {
            "line": 111,
            "column": 14
          },
          "end": {
            "line": 111,
            "column": 81
          }
        },
        "type": "cond-expr",
        "locations": [
          {
            "start": {
              "line": 111,
              "column": 25
            },
            "end": {
              "line": 111,
              "column": 55
            }
          },
          {
            "start": {
              "line": 111,
              "column": 58
            },
            "end": {
              "line": 111,
              "column": 81
            }
          }
        ],
        "line": 111
      },
      "4": {
        "loc": {
          "start": {
            "line": 122,
            "column": 14
          },
          "end": {
            "line": 122,
            "column": 81
          }
        },
        "type": "cond-expr",
        "locations": [
          {
            "start": {
              "line": 122,
              "column": 25
            },
            "end": {
              "line": 122,
              "column": 55
            }
          },
          {
            "start": {
              "line": 122,
              "column": 58
            },
            "end": {
              "line": 122,
              "column": 81
            }
          }
        ],
        "line": 122
      },
      "5": {
        "loc": {
          "start": {
            "line": 167,
            "column": 0
          },
          "end": {
            "line": 183,
            "column": 1
          }
        },
        "type": "if",
        "locations": [
          {
            "start": {
              "line": 167,
              "column": 0
            },
            "end": {
              "line": 183,
              "column": 1
            }
          },
          {
            "start": {},
            "end": {}
          }
        ],
        "line": 167
      },
      "6": {
        "loc": {
          "start": {
            "line": 176,
            "column": 6
          },
          "end": {
            "line": 177,
            "column": 15
          }
        },
        "type": "if",
        "locations": [
          {
            "start": {
              "line": 176,
              "column": 6
            },
            "end": {
              "line": 177,
              "column": 15
            }
          },
          {
            "start": {},
            "end": {}
          }
        ],
        "line": 176
      },
      "7": {
        "loc": {
          "start": {
            "line": 179,
            "column": 6
          },
          "end": {
            "line": 180,
            "column": 54
          }
        },
        "type": "if",
        "locations": [
          {
            "start": {
              "line": 179,
              "column": 6
            },
            "end": {
              "line": 180,
              "column": 54
            }
          },
          {
            "start": {},
            "end": {}
          }
        ],
        "line": 179
      }
    },
    "s": {
      "0": 17,
      "1": 17,
      "2": 0,
      "3": 17,
      "4": 17,
      "5": 17,
      "6": 17,
      "7": 17,
      "8": 17,
      "9": 17,
      "10": 17,
      "11": 17,
      "12": 17,
      "13": 17,
      "14": 17,
      "15": 17,
      "16": 17,
      "17": 17,
      "18": 16,
      "19": 16,
      "20": 0,
      "21": 0,
      "22": 0,
      "23": 0,
      "24": 0
    },
    "f": {
      "0": 17,
      "1": 17,
      "2": 17,
      "3": 17,
      "4": 17,
      "5": 16,
      "6": 0
    },
    "b": {
      "0": [
        17,
        0
      ],
      "1": [
        0,
        17
      ],
      "2": [
        9,
        8
      ],
      "3": [
        2,
        15
      ],
      "4": [
        4,
        13
      ],
      "5": [
        17,
        0
      ],
      "6": [
        0,
        0
      ],
      "7": [
        0,
        0
      ]
    },
    "inputSourceMap": {
      "version": 3,
      "mappings": "AAWY;AAXZ,OAAOA,oBAAkB;AAAA;AAAA;AAAA;AAAA;AAAA;AAAA;AAAA;AAAA;AAAA;AAAA;AAAA;AAAA;AAAA;AACzB,SAASC,MAAMC,eAAe;AAE9B,OAAOC,UAAU;AAEjB,wBAAwBC,kBAAkB;AACxC,SACE,uBAAC,YAAO,WAAU,oBAChB;AAAA,2BAAC,SAAI,WAAU,oBACb,iCAAC,SAAI,WAAU,iCACb;AAAA,6BAAC,SAAI,WAAU,eACb;AAAA,+BAAC,UAAK,WAAU,8CAA6C,oBAA7D;AAAA;AAAA;AAAA;AAAA,eAAiE;AAAA,QACjE,uBAAC,SAAI,WAAU,0BACb;AAAA,iCAAC,SAAI,WAAU,oBAAmB,+BAAlC;AAAA;AAAA;AAAA;AAAA,iBAA+D;AAAA,UAC/D,uBAAC,SAAI,WAAU,mBAAkB,qCAAjC;AAAA;AAAA;AAAA;AAAA,iBAAsD;AAAA,UACtD,uBAAC,SAAI,WAAU,mBAAkB,0BAAjC;AAAA;AAAA;AAAA;AAAA,iBAAiD;AAAA,aAHnD;AAAA;AAAA;AAAA;AAAA,eAIA;AAAA,WANF;AAAA;AAAA;AAAA;AAAA,aAOA;AAAA,MACA,uBAAC,SAAI,WAAU,gBACb;AAAA,+BAAC,UAAK,WAAU,8CAA6C,qBAA7D;AAAA;AAAA;AAAA;AAAA,eAAkE;AAAA,QAClE,uBAAC,SAAI,WAAU,uBAAsB,uBAArC;AAAA;AAAA;AAAA;AAAA,eAA4C;AAAA,QAC5C,uBAAC,SAAI,WAAU,sBAAqB,4BAApC;AAAA;AAAA;AAAA;AAAA,eAAgD;AAAA,WAHlD;AAAA;AAAA;AAAA;AAAA,aAIA;AAAA,SAbF;AAAA;AAAA;AAAA;AAAA,WAcA,KAfF;AAAA;AAAA;AAAA;AAAA,WAgBA;AAAA,IACA,uBAAC,SAAI,WAAU,gCACb,iCAAC,SAAI,WAAU,oBACb;AAAA,6BAAC,SAAI,WAAU,oBACb,iCAAC,QAAK,IAAG,KAAI,WAAU,8BACrB,iCAAC,SAAI,KAAKD,MAAM,KAAI,UAApB;AAAA;AAAA;AAAA;AAAA,aAA0B,KAD5B;AAAA;AAAA;AAAA;AAAA,aAEA,KAHF;AAAA;AAAA;AAAA;AAAA,aAIA;AAAA,MACA,uBAAC,SAAI,WAAU,0BACb,iCAAC,QAAG,WAAU,cACZ;AAAA,+BAAC,QAAG,WAAU,oBACZ,iCAAC,WACC,IAAG,KACH,WAAW,CAAC;AAAA,UAAEE;AAAAA,QAAS,MACrBA,WAAY,iCAAgC,yBAE/C,yBALD;AAAA;AAAA;AAAA;AAAA,eAOA,KARF;AAAA;AAAA;AAAA;AAAA,eASA;AAAA,QACA,uBAAC,QAAG,WAAU,oBACZ,iCAAC,WACC,IAAG,YACH,WAAW,CAAC;AAAA,UAAEA;AAAAA,QAAS,MACrBA,WAAY,iCAAgC,yBAE/C,wBALD;AAAA;AAAA;AAAA;AAAA,eAOA,KARF;AAAA;AAAA;AAAA;AAAA,eASA;AAAA,QACA,uBAAC,QAAG,WAAU,oBACZ,iCAAC,WACC,eAAY,eACZ,IAAG,UACH,WAAW,CAAC;AAAA,UAAEA;AAAAA,QAAS,MACrBA,WAAY,iCAAgC,yBAE/C,qBAND;AAAA;AAAA;AAAA;AAAA,eAQA,KATF;AAAA;AAAA;AAAA;AAAA,eAUA;AAAA,QACA,uBAAC,QAAG,WAAU,gCACZ,iCAAC,UAAK,WAAU,6BAA4B,6BAA5C;AAAA;AAAA;AAAA;AAAA,eAAyD,KAD3D;AAAA;AAAA;AAAA;AAAA,eAEA;AAAA,WAlCF;AAAA;AAAA;AAAA;AAAA,aAmCA,KApCF;AAAA;AAAA;AAAA;AAAA,aAqCA;AAAA,SA3CF;AAAA;AAAA;AAAA;AAAA,WA4CA,KA7CF;AAAA;AAAA;AAAA;AAAA,WA8CA;AAAA,OAhEF;AAAA;AAAA;AAAA;AAAA,SAiEA;AAEJ;AAACC,KArEuBF;AAAe;AAAAG",
      "names": [
        "React",
        "Link",
        "NavLink",
        "logo",
        "HeaderComponent",
        "isActive",
        "_c",
        "$RefreshReg$"
      ],
      "sources": [
        "D:/Study/Новая папка/rss-react-task/src/components/Header/HeaderComponent.tsx"
      ],
      "file": "D:/Study/Новая папка/rss-react-task/src/components/Header/HeaderComponent.tsx"
    },
    "_coverageSchema": "1a1c01bbd47fc00a2c39e90264f33305004495a9",
    "hash": "8689dc9b25d9ac393d7925cbc14351484159fbec"
  },
  "D:/Study/Новая папка/rss-react-task/src/components/Footer/FooterComponent.tsx": {
    "path": "D:/Study/Новая папка/rss-react-task/src/components/Footer/FooterComponent.tsx",
    "statementMap": {
      "0": {
        "start": {
          "line": 5,
          "column": 0
        },
        "end": {
          "line": 15,
          "column": 1
        }
      },
      "1": {
        "start": {
          "line": 6,
          "column": 2
        },
        "end": {
          "line": 8,
          "column": 3
        }
      },
      "2": {
        "start": {
          "line": 7,
          "column": 4
        },
        "end": {
          "line": 7,
          "column": 165
        }
      },
      "3": {
        "start": {
          "line": 9,
          "column": 2
        },
        "end": {
          "line": 9,
          "column": 39
        }
      },
      "4": {
        "start": {
          "line": 10,
          "column": 2
        },
        "end": {
          "line": 10,
          "column": 39
        }
      },
      "5": {
        "start": {
          "line": 11,
          "column": 2
        },
        "end": {
          "line": 13,
          "column": 4
        }
      },
      "6": {
        "start": {
          "line": 12,
          "column": 4
        },
        "end": {
          "line": 12,
          "column": 121
        }
      },
      "7": {
        "start": {
          "line": 14,
          "column": 2
        },
        "end": {
          "line": 14,
          "column": 75
        }
      },
      "8": {
        "start": {
          "line": 19,
          "column": 2
        },
        "end": {
          "line": 105,
          "column": 11
        }
      },
      "9": {
        "start": {
          "line": 107,
          "column": 0
        },
        "end": {
          "line": 107,
          "column": 21
        }
      },
      "10": {
        "start": {
          "line": 109,
          "column": 0
        },
        "end": {
          "line": 109,
          "column": 36
        }
      },
      "11": {
        "start": {
          "line": 110,
          "column": 0
        },
        "end": {
          "line": 126,
          "column": 1
        }
      },
      "12": {
        "start": {
          "line": 111,
          "column": 2
        },
        "end": {
          "line": 111,
          "column": 39
        }
      },
      "13": {
        "start": {
          "line": 112,
          "column": 2
        },
        "end": {
          "line": 112,
          "column": 39
        }
      },
      "14": {
        "start": {
          "line": 113,
          "column": 2
        },
        "end": {
          "line": 125,
          "column": 5
        }
      },
      "15": {
        "start": {
          "line": 117,
          "column": 4
        },
        "end": {
          "line": 117,
          "column": 147
        }
      },
      "16": {
        "start": {
          "line": 118,
          "column": 4
        },
        "end": {
          "line": 124,
          "column": 7
        }
      },
      "17": {
        "start": {
          "line": 119,
          "column": 6
        },
        "end": {
          "line": 120,
          "column": 15
        }
      },
      "18": {
        "start": {
          "line": 120,
          "column": 8
        },
        "end": {
          "line": 120,
          "column": 15
        }
      },
      "19": {
        "start": {
          "line": 121,
          "column": 32
        },
        "end": {
          "line": 121,
          "column": 115
        }
      },
      "20": {
        "start": {
          "line": 122,
          "column": 6
        },
        "end": {
          "line": 123,
          "column": 54
        }
      },
      "21": {
        "start": {
          "line": 123,
          "column": 8
        },
        "end": {
          "line": 123,
          "column": 54
        }
      }
    },
    "fnMap": {
      "0": {
        "name": "(anonymous_0)",
        "decl": {
          "start": {
            "line": 11,
            "column": 24
          },
          "end": {
            "line": 11,
            "column": 25
          }
        },
        "loc": {
          "start": {
            "line": 11,
            "column": 38
          },
          "end": {
            "line": 13,
            "column": 3
          }
        },
        "line": 11
      },
      "1": {
        "name": "FooterComponent",
        "decl": {
          "start": {
            "line": 18,
            "column": 24
          },
          "end": {
            "line": 18,
            "column": 39
          }
        },
        "loc": {
          "start": {
            "line": 18,
            "column": 42
          },
          "end": {
            "line": 106,
            "column": 1
          }
        },
        "line": 18
      },
      "2": {
        "name": "(anonymous_2)",
        "decl": {
          "start": {
            "line": 116,
            "column": 9
          },
          "end": {
            "line": 116,
            "column": 10
          }
        },
        "loc": {
          "start": {
            "line": 116,
            "column": 29
          },
          "end": {
            "line": 125,
            "column": 3
          }
        },
        "line": 116
      },
      "3": {
        "name": "(anonymous_3)",
        "decl": {
          "start": {
            "line": 118,
            "column": 27
          },
          "end": {
            "line": 118,
            "column": 28
          }
        },
        "loc": {
          "start": {
            "line": 118,
            "column": 44
          },
          "end": {
            "line": 124,
            "column": 5
          }
        },
        "line": 118
      }
    },
    "branchMap": {
      "0": {
        "loc": {
          "start": {
            "line": 5,
            "column": 0
          },
          "end": {
            "line": 15,
            "column": 1
          }
        },
        "type": "if",
        "locations": [
          {
            "start": {
              "line": 5,
              "column": 0
            },
            "end": {
              "line": 15,
              "column": 1
            }
          },
          {
            "start": {},
            "end": {}
          }
        ],
        "line": 5
      },
      "1": {
        "loc": {
          "start": {
            "line": 6,
            "column": 2
          },
          "end": {
            "line": 8,
            "column": 3
          }
        },
        "type": "if",
        "locations": [
          {
            "start": {
              "line": 6,
              "column": 2
            },
            "end": {
              "line": 8,
              "column": 3
            }
          },
          {
            "start": {},
            "end": {}
          }
        ],
        "line": 6
      },
      "2": {
        "loc": {
          "start": {
            "line": 110,
            "column": 0
          },
          "end": {
            "line": 126,
            "column": 1
          }
        },
        "type": "if",
        "locations": [
          {
            "start": {
              "line": 110,
              "column": 0
            },
            "end": {
              "line": 126,
              "column": 1
            }
          },
          {
            "start": {},
            "end": {}
          }
        ],
        "line": 110
      },
      "3": {
        "loc": {
          "start": {
            "line": 119,
            "column": 6
          },
          "end": {
            "line": 120,
            "column": 15
          }
        },
        "type": "if",
        "locations": [
          {
            "start": {
              "line": 119,
              "column": 6
            },
            "end": {
              "line": 120,
              "column": 15
            }
          },
          {
            "start": {},
            "end": {}
          }
        ],
        "line": 119
      },
      "4": {
        "loc": {
          "start": {
            "line": 122,
            "column": 6
          },
          "end": {
            "line": 123,
            "column": 54
          }
        },
        "type": "if",
        "locations": [
          {
            "start": {
              "line": 122,
              "column": 6
            },
            "end": {
              "line": 123,
              "column": 54
            }
          },
          {
            "start": {},
            "end": {}
          }
        ],
        "line": 122
      }
    },
    "s": {
      "0": 17,
      "1": 17,
      "2": 0,
      "3": 17,
      "4": 17,
      "5": 17,
      "6": 17,
      "7": 17,
      "8": 17,
      "9": 17,
      "10": 17,
      "11": 17,
      "12": 17,
      "13": 17,
      "14": 17,
      "15": 16,
      "16": 16,
      "17": 0,
      "18": 0,
      "19": 0,
      "20": 0,
      "21": 0
    },
    "f": {
      "0": 17,
      "1": 17,
      "2": 16,
      "3": 0
    },
    "b": {
      "0": [
        17,
        0
      ],
      "1": [
        0,
        17
      ],
      "2": [
        17,
        0
      ],
      "3": [
        0,
        0
      ],
      "4": [
        0,
        0
      ]
    },
    "inputSourceMap": {
      "version": 3,
      "mappings": "AAagB;AAbhB,OAAOA,oBAAkB;AAAA;AAAA;AAAA;AAAA;AAAA;AAAA;AAAA;AAAA;AAAA;AAAA;AAAA;AAAA;AAAA;AACzB,SAASC,YAAY;AAErB,OAAOC,UAAU;AAEjB,wBAAwBC,kBAAkB;AACxC,SACE,uBAAC,YAAO,WAAU,UAChB,iCAAC,SAAI,WAAU,oBACb,iCAAC,SAAI,WAAU,WACb;AAAA,2BAAC,SAAI,WAAU,eACb,iCAAC,QACC;AAAA,6BAAC,QACC,iCAAC,QAAK,IAAG,KAAI,WAAU,YAAW,oBAAlC;AAAA;AAAA;AAAA;AAAA,aAEA,KAHF;AAAA;AAAA;AAAA;AAAA,aAIA;AAAA,MACA,uBAAC,QACC,iCAAC,QAAK,IAAG,WAAU,WAAU,YAAW,wBAAxC;AAAA;AAAA;AAAA;AAAA,aAEA,KAHF;AAAA;AAAA;AAAA;AAAA,aAIA;AAAA,SAVF;AAAA;AAAA;AAAA;AAAA,WAWA,KAZF;AAAA;AAAA;AAAA;AAAA,WAaA;AAAA,IACA,uBAAC,SAAI,WAAU,mBACb;AAAA,6BAAC,SAAI,WAAU,iBACb,iCAAC,QAAK,IAAG,KAAI,WAAU,yCACrB,iCAAC,SAAI,KAAKD,MAAM,KAAI,QAAO,WAAU,iBAArC;AAAA;AAAA;AAAA;AAAA,aAAkD,KADpD;AAAA;AAAA;AAAA;AAAA,aAEA,KAHF;AAAA;AAAA;AAAA;AAAA,aAIA;AAAA,MACA,uBAAC,SAAI,WAAU,2BACb,iCAAC,QAAK,IAAG,sBAAqB,WAAU,mCACtC,iCAAC,SACC,SAAQ,aACR,MAAK,QACL,OAAM,8BACN,WAAU,0BAEV,iCAAC,UACC,WAAU,eACV,GAAE,s5EACF,MAAK,aAHP;AAAA;AAAA;AAAA;AAAA,aAGgB,KATlB;AAAA;AAAA;AAAA;AAAA,aAWA,KAZF;AAAA;AAAA;AAAA;AAAA,aAaA,KAdF;AAAA;AAAA;AAAA;AAAA,aAeA;AAAA,MACA,uBAAC,SAAI,WAAU,+BACb,iCAAC,QAAK,IAAG,8BAA6B,WAAU,YAAW,uBAA3D;AAAA;AAAA;AAAA;AAAA,aAEA,KAHF;AAAA;AAAA;AAAA;AAAA,aAIA;AAAA,SA1BF;AAAA;AAAA;AAAA;AAAA,WA2BA;AAAA,OA1CF;AAAA;AAAA;AAAA;AAAA,SA2CA,KA5CF;AAAA;AAAA;AAAA;AAAA,SA6CA,KA9CF;AAAA;AAAA;AAAA;AAAA,SA+CA;AAEJ;AAACE,KAnDuBD;AAAe;AAAAE",
      "names": [
        "React",
        "Link",
        "logo",
        "FooterComponent",
        "_c",
        "$RefreshReg$"
      ],
      "sources": [
        "D:/Study/Новая папка/rss-react-task/src/components/Footer/FooterComponent.tsx"
      ],
      "file": "D:/Study/Новая папка/rss-react-task/src/components/Footer/FooterComponent.tsx"
    },
    "_coverageSchema": "1a1c01bbd47fc00a2c39e90264f33305004495a9",
    "hash": "0f0f55a65552603061a7fdac53fc462414f20d62"
  },
  "D:/Study/Новая папка/rss-react-task/src/pages/Root.tsx": {
    "path": "D:/Study/Новая папка/rss-react-task/src/pages/Root.tsx",
    "statementMap": {
      "0": {
        "start": {
          "line": 5,
          "column": 0
        },
        "end": {
          "line": 15,
          "column": 1
        }
      },
      "1": {
        "start": {
          "line": 6,
          "column": 2
        },
        "end": {
          "line": 8,
          "column": 3
        }
      },
      "2": {
        "start": {
          "line": 7,
          "column": 4
        },
        "end": {
          "line": 7,
          "column": 165
        }
      },
      "3": {
        "start": {
          "line": 9,
          "column": 2
        },
        "end": {
          "line": 9,
          "column": 39
        }
      },
      "4": {
        "start": {
          "line": 10,
          "column": 2
        },
        "end": {
          "line": 10,
          "column": 39
        }
      },
      "5": {
        "start": {
          "line": 11,
          "column": 2
        },
        "end": {
          "line": 13,
          "column": 4
        }
      },
      "6": {
        "start": {
          "line": 12,
          "column": 4
        },
        "end": {
          "line": 12,
          "column": 98
        }
      },
      "7": {
        "start": {
          "line": 14,
          "column": 2
        },
        "end": {
          "line": 14,
          "column": 75
        }
      },
      "8": {
        "start": {
          "line": 20,
          "column": 2
        },
        "end": {
          "line": 44,
          "column": 11
        }
      },
      "9": {
        "start": {
          "line": 46,
          "column": 0
        },
        "end": {
          "line": 46,
          "column": 10
        }
      },
      "10": {
        "start": {
          "line": 48,
          "column": 0
        },
        "end": {
          "line": 48,
          "column": 25
        }
      },
      "11": {
        "start": {
          "line": 49,
          "column": 0
        },
        "end": {
          "line": 65,
          "column": 1
        }
      },
      "12": {
        "start": {
          "line": 50,
          "column": 2
        },
        "end": {
          "line": 50,
          "column": 39
        }
      },
      "13": {
        "start": {
          "line": 51,
          "column": 2
        },
        "end": {
          "line": 51,
          "column": 39
        }
      },
      "14": {
        "start": {
          "line": 52,
          "column": 2
        },
        "end": {
          "line": 64,
          "column": 5
        }
      },
      "15": {
        "start": {
          "line": 56,
          "column": 4
        },
        "end": {
          "line": 56,
          "column": 124
        }
      },
      "16": {
        "start": {
          "line": 57,
          "column": 4
        },
        "end": {
          "line": 63,
          "column": 7
        }
      },
      "17": {
        "start": {
          "line": 58,
          "column": 6
        },
        "end": {
          "line": 59,
          "column": 15
        }
      },
      "18": {
        "start": {
          "line": 59,
          "column": 8
        },
        "end": {
          "line": 59,
          "column": 15
        }
      },
      "19": {
        "start": {
          "line": 60,
          "column": 32
        },
        "end": {
          "line": 60,
          "column": 115
        }
      },
      "20": {
        "start": {
          "line": 61,
          "column": 6
        },
        "end": {
          "line": 62,
          "column": 54
        }
      },
      "21": {
        "start": {
          "line": 62,
          "column": 8
        },
        "end": {
          "line": 62,
          "column": 54
        }
      }
    },
    "fnMap": {
      "0": {
        "name": "(anonymous_0)",
        "decl": {
          "start": {
            "line": 11,
            "column": 24
          },
          "end": {
            "line": 11,
            "column": 25
          }
        },
        "loc": {
          "start": {
            "line": 11,
            "column": 38
          },
          "end": {
            "line": 13,
            "column": 3
          }
        },
        "line": 11
      },
      "1": {
        "name": "Root",
        "decl": {
          "start": {
            "line": 19,
            "column": 24
          },
          "end": {
            "line": 19,
            "column": 28
          }
        },
        "loc": {
          "start": {
            "line": 19,
            "column": 31
          },
          "end": {
            "line": 45,
            "column": 1
          }
        },
        "line": 19
      },
      "2": {
        "name": "(anonymous_2)",
        "decl": {
          "start": {
            "line": 55,
            "column": 9
          },
          "end": {
            "line": 55,
            "column": 10
          }
        },
        "loc": {
          "start": {
            "line": 55,
            "column": 29
          },
          "end": {
            "line": 64,
            "column": 3
          }
        },
        "line": 55
      },
      "3": {
        "name": "(anonymous_3)",
        "decl": {
          "start": {
            "line": 57,
            "column": 27
          },
          "end": {
            "line": 57,
            "column": 28
          }
        },
        "loc": {
          "start": {
            "line": 57,
            "column": 44
          },
          "end": {
            "line": 63,
            "column": 5
          }
        },
        "line": 57
      }
    },
    "branchMap": {
      "0": {
        "loc": {
          "start": {
            "line": 5,
            "column": 0
          },
          "end": {
            "line": 15,
            "column": 1
          }
        },
        "type": "if",
        "locations": [
          {
            "start": {
              "line": 5,
              "column": 0
            },
            "end": {
              "line": 15,
              "column": 1
            }
          },
          {
            "start": {},
            "end": {}
          }
        ],
        "line": 5
      },
      "1": {
        "loc": {
          "start": {
            "line": 6,
            "column": 2
          },
          "end": {
            "line": 8,
            "column": 3
          }
        },
        "type": "if",
        "locations": [
          {
            "start": {
              "line": 6,
              "column": 2
            },
            "end": {
              "line": 8,
              "column": 3
            }
          },
          {
            "start": {},
            "end": {}
          }
        ],
        "line": 6
      },
      "2": {
        "loc": {
          "start": {
            "line": 49,
            "column": 0
          },
          "end": {
            "line": 65,
            "column": 1
          }
        },
        "type": "if",
        "locations": [
          {
            "start": {
              "line": 49,
              "column": 0
            },
            "end": {
              "line": 65,
              "column": 1
            }
          },
          {
            "start": {},
            "end": {}
          }
        ],
        "line": 49
      },
      "3": {
        "loc": {
          "start": {
            "line": 58,
            "column": 6
          },
          "end": {
            "line": 59,
            "column": 15
          }
        },
        "type": "if",
        "locations": [
          {
            "start": {
              "line": 58,
              "column": 6
            },
            "end": {
              "line": 59,
              "column": 15
            }
          },
          {
            "start": {},
            "end": {}
          }
        ],
        "line": 58
      },
      "4": {
        "loc": {
          "start": {
            "line": 61,
            "column": 6
          },
          "end": {
            "line": 62,
            "column": 54
          }
        },
        "type": "if",
        "locations": [
          {
            "start": {
              "line": 61,
              "column": 6
            },
            "end": {
              "line": 62,
              "column": 54
            }
          },
          {
            "start": {},
            "end": {}
          }
        ],
        "line": 61
      }
    },
    "s": {
      "0": 17,
      "1": 17,
      "2": 0,
      "3": 17,
      "4": 17,
      "5": 17,
      "6": 17,
      "7": 17,
      "8": 17,
      "9": 17,
      "10": 17,
      "11": 17,
      "12": 17,
      "13": 17,
      "14": 17,
      "15": 16,
      "16": 16,
      "17": 0,
      "18": 0,
      "19": 0,
      "20": 0,
      "21": 0
    },
    "f": {
      "0": 17,
      "1": 17,
      "2": 16,
      "3": 0
    },
    "b": {
      "0": [
        17,
        0
      ],
      "1": [
        0,
        17
      ],
      "2": [
        17,
        0
      ],
      "3": [
        0,
        0
      ],
      "4": [
        0,
        0
      ]
    },
    "inputSourceMap": {
      "version": 3,
      "mappings": "AASM;AATN,OAAOA,oBAAkB;AAAA;AAAA;AAAA;AAAA;AAAA;AAAA;AAAA;AAAA;AAAA;AAAA;AAAA;AAAA;AAAA;AACzB,SAASC,cAAc;AAEvB,OAAOC,qBAAqB;AAC5B,OAAOC,qBAAqB;AAE5B,wBAAwBC,OAAO;AAC7B,SACE,uBAAC,SACC;AAAA,2BAAC,qBAAD;AAAA;AAAA;AAAA;AAAA,WAAgB;AAAA,IAChB,uBAAC,SAAI,WAAU,aAAY,eAAY,QACrC,iCAAC,YAAD;AAAA;AAAA;AAAA;AAAA,WAAO,KADT;AAAA;AAAA;AAAA;AAAA,WAEA;AAAA,IACA,uBAAC,qBAAD;AAAA;AAAA;AAAA;AAAA,WAAgB;AAAA,OALlB;AAAA;AAAA;AAAA;AAAA,SAMA;AAEJ;AAACC,KAVuBD;AAAI;AAAAE",
      "names": [
        "React",
        "Outlet",
        "HeaderComponent",
        "FooterComponent",
        "Root",
        "_c",
        "$RefreshReg$"
      ],
      "sources": [
        "D:/Study/Новая папка/rss-react-task/src/pages/Root.tsx"
      ],
      "file": "D:/Study/Новая папка/rss-react-task/src/pages/Root.tsx"
    },
    "_coverageSchema": "1a1c01bbd47fc00a2c39e90264f33305004495a9",
    "hash": "5bbbba40dc9db54acd4de0709bfba9dff6f75b08"
  },
  "D:/Study/Новая папка/rss-react-task/src/components/CardItem/CardItem.tsx": {
    "path": "D:/Study/Новая папка/rss-react-task/src/components/CardItem/CardItem.tsx",
    "statementMap": {
      "0": {
        "start": {
          "line": 5,
          "column": 0
        },
        "end": {
          "line": 15,
          "column": 1
        }
      },
      "1": {
        "start": {
          "line": 6,
          "column": 2
        },
        "end": {
          "line": 8,
          "column": 3
        }
      },
      "2": {
        "start": {
          "line": 7,
          "column": 4
        },
        "end": {
          "line": 7,
          "column": 165
        }
      },
      "3": {
        "start": {
          "line": 9,
          "column": 2
        },
        "end": {
          "line": 9,
          "column": 39
        }
      },
      "4": {
        "start": {
          "line": 10,
          "column": 2
        },
        "end": {
          "line": 10,
          "column": 39
        }
      },
      "5": {
        "start": {
          "line": 11,
          "column": 2
        },
        "end": {
          "line": 13,
          "column": 4
        }
      },
      "6": {
        "start": {
          "line": 12,
          "column": 4
        },
        "end": {
          "line": 12,
          "column": 116
        }
      },
      "7": {
        "start": {
          "line": 14,
          "column": 2
        },
        "end": {
          "line": 14,
          "column": 75
        }
      },
      "8": {
        "start": {
          "line": 25,
          "column": 4
        },
        "end": {
          "line": 25,
          "column": 20
        }
      },
      "9": {
        "start": {
          "line": 26,
          "column": 4
        },
        "end": {
          "line": 26,
          "column": 22
        }
      },
      "10": {
        "start": {
          "line": 28,
          "column": 2
        },
        "end": {
          "line": 90,
          "column": 11
        }
      },
      "11": {
        "start": {
          "line": 92,
          "column": 0
        },
        "end": {
          "line": 92,
          "column": 14
        }
      },
      "12": {
        "start": {
          "line": 94,
          "column": 0
        },
        "end": {
          "line": 94,
          "column": 29
        }
      },
      "13": {
        "start": {
          "line": 95,
          "column": 0
        },
        "end": {
          "line": 111,
          "column": 1
        }
      },
      "14": {
        "start": {
          "line": 96,
          "column": 2
        },
        "end": {
          "line": 96,
          "column": 39
        }
      },
      "15": {
        "start": {
          "line": 97,
          "column": 2
        },
        "end": {
          "line": 97,
          "column": 39
        }
      },
      "16": {
        "start": {
          "line": 98,
          "column": 2
        },
        "end": {
          "line": 110,
          "column": 5
        }
      },
      "17": {
        "start": {
          "line": 102,
          "column": 4
        },
        "end": {
          "line": 102,
          "column": 142
        }
      },
      "18": {
        "start": {
          "line": 103,
          "column": 4
        },
        "end": {
          "line": 109,
          "column": 7
        }
      },
      "19": {
        "start": {
          "line": 104,
          "column": 6
        },
        "end": {
          "line": 105,
          "column": 15
        }
      },
      "20": {
        "start": {
          "line": 105,
          "column": 8
        },
        "end": {
          "line": 105,
          "column": 15
        }
      },
      "21": {
        "start": {
          "line": 106,
          "column": 32
        },
        "end": {
          "line": 106,
          "column": 115
        }
      },
      "22": {
        "start": {
          "line": 107,
          "column": 6
        },
        "end": {
          "line": 108,
          "column": 54
        }
      },
      "23": {
        "start": {
          "line": 108,
          "column": 8
        },
        "end": {
          "line": 108,
          "column": 54
        }
      }
    },
    "fnMap": {
      "0": {
        "name": "(anonymous_0)",
        "decl": {
          "start": {
            "line": 11,
            "column": 24
          },
          "end": {
            "line": 11,
            "column": 25
          }
        },
        "loc": {
          "start": {
            "line": 11,
            "column": 38
          },
          "end": {
            "line": 13,
            "column": 3
          }
        },
        "line": 11
      },
      "1": {
        "name": "CardItem",
        "decl": {
          "start": {
            "line": 16,
            "column": 24
          },
          "end": {
            "line": 16,
            "column": 32
          }
        },
        "loc": {
          "start": {
            "line": 23,
            "column": 3
          },
          "end": {
            "line": 91,
            "column": 1
          }
        },
        "line": 23
      },
      "2": {
        "name": "showPopUp",
        "decl": {
          "start": {
            "line": 24,
            "column": 11
          },
          "end": {
            "line": 24,
            "column": 20
          }
        },
        "loc": {
          "start": {
            "line": 24,
            "column": 23
          },
          "end": {
            "line": 27,
            "column": 3
          }
        },
        "line": 24
      },
      "3": {
        "name": "(anonymous_3)",
        "decl": {
          "start": {
            "line": 101,
            "column": 9
          },
          "end": {
            "line": 101,
            "column": 10
          }
        },
        "loc": {
          "start": {
            "line": 101,
            "column": 29
          },
          "end": {
            "line": 110,
            "column": 3
          }
        },
        "line": 101
      },
      "4": {
        "name": "(anonymous_4)",
        "decl": {
          "start": {
            "line": 103,
            "column": 27
          },
          "end": {
            "line": 103,
            "column": 28
          }
        },
        "loc": {
          "start": {
            "line": 103,
            "column": 44
          },
          "end": {
            "line": 109,
            "column": 5
          }
        },
        "line": 103
      }
    },
    "branchMap": {
      "0": {
        "loc": {
          "start": {
            "line": 5,
            "column": 0
          },
          "end": {
            "line": 15,
            "column": 1
          }
        },
        "type": "if",
        "locations": [
          {
            "start": {
              "line": 5,
              "column": 0
            },
            "end": {
              "line": 15,
              "column": 1
            }
          },
          {
            "start": {},
            "end": {}
          }
        ],
        "line": 5
      },
      "1": {
        "loc": {
          "start": {
            "line": 6,
            "column": 2
          },
          "end": {
            "line": 8,
            "column": 3
          }
        },
        "type": "if",
        "locations": [
          {
            "start": {
              "line": 6,
              "column": 2
            },
            "end": {
              "line": 8,
              "column": 3
            }
          },
          {
            "start": {},
            "end": {}
          }
        ],
        "line": 6
      },
      "2": {
        "loc": {
          "start": {
            "line": 95,
            "column": 0
          },
          "end": {
            "line": 111,
            "column": 1
          }
        },
        "type": "if",
        "locations": [
          {
            "start": {
              "line": 95,
              "column": 0
            },
            "end": {
              "line": 111,
              "column": 1
            }
          },
          {
            "start": {},
            "end": {}
          }
        ],
        "line": 95
      },
      "3": {
        "loc": {
          "start": {
            "line": 104,
            "column": 6
          },
          "end": {
            "line": 105,
            "column": 15
          }
        },
        "type": "if",
        "locations": [
          {
            "start": {
              "line": 104,
              "column": 6
            },
            "end": {
              "line": 105,
              "column": 15
            }
          },
          {
            "start": {},
            "end": {}
          }
        ],
        "line": 104
      },
      "4": {
        "loc": {
          "start": {
            "line": 107,
            "column": 6
          },
          "end": {
            "line": 108,
            "column": 54
          }
        },
        "type": "if",
        "locations": [
          {
            "start": {
              "line": 107,
              "column": 6
            },
            "end": {
              "line": 108,
              "column": 54
            }
          },
          {
            "start": {},
            "end": {}
          }
        ],
        "line": 107
      }
    },
    "s": {
      "0": 17,
      "1": 17,
      "2": 0,
      "3": 17,
      "4": 17,
      "5": 17,
      "6": 17,
      "7": 17,
      "8": 3,
      "9": 3,
      "10": 320,
      "11": 17,
      "12": 17,
      "13": 17,
      "14": 17,
      "15": 17,
      "16": 17,
      "17": 16,
      "18": 16,
      "19": 0,
      "20": 0,
      "21": 0,
      "22": 0,
      "23": 0
    },
    "f": {
      "0": 17,
      "1": 320,
      "2": 3,
      "3": 16,
      "4": 0
    },
    "b": {
      "0": [
        17,
        0
      ],
      "1": [
        0,
        17
      ],
      "2": [
        17,
        0
      ],
      "3": [
        0,
        0
      ],
      "4": [
        0,
        0
      ]
    },
    "inputSourceMap": {
      "version": 3,
      "mappings": "AAsBY;AAtBZ,OAAOA,oBAAkB;AAAA;AAAA;AAAA;AAAA;AAAA;AAAA;AAAA;AAAA;AAAA;AAAA;AAAA;AAAA;AAAA;AAIzB,wBAAwBC,SAAS;AAAA,EAC/BC;AAAAA,EACAC;AAAAA,EACAC;AAAAA,EACAC;AAAAA,EACAC;AAAAA,EACAC;AACiB,GAAG;AACpB,WAASC,YAAY;AACnBH,cAAU,IAAI;AACdC,cAAUC,MAAM;AAAA,EAClB;AAEA,SACE,uBAAC,SAAI,WAAU,QAAO,eAAY,gBAChC;AAAA,2BAAC,SAAI,WAAU,eACb;AAAA,6BAAC,SAAI,WAAU,cACb;AAAA,+BAAC,SAAI,WAAU,kBACb,iCAAC,UAAK,WAAU,wCAAuC,wBAAvD;AAAA;AAAA;AAAA;AAAA,eAA+D,KADjE;AAAA;AAAA;AAAA;AAAA,eAEA;AAAA,QACA,uBAAC,SAAI,WAAU,kBACb,iCAAC,OAAE,WAAU,oBAAoBH,mBAAjC;AAAA;AAAA;AAAA;AAAA,eAAuC,KADzC;AAAA;AAAA;AAAA;AAAA,eAEA;AAAA,WANF;AAAA;AAAA;AAAA;AAAA,aAOA;AAAA,MACA,uBAAC,SAAI,WAAU,oBACb,iCAAC,SAAI,KAAKF,UAAU,KAAI,iBAAxB;AAAA;AAAA;AAAA;AAAA,aAAqC,KADvC;AAAA;AAAA;AAAA;AAAA,aAEA;AAAA,MACA,uBAAC,SAAI,WAAU,eACb,iCAAC,SAAI,WAAU,qBAAqBC,yBAApC;AAAA;AAAA;AAAA;AAAA,aAAgD,KADlD;AAAA;AAAA;AAAA;AAAA,aAEA;AAAA,SAdF;AAAA;AAAA;AAAA;AAAA,WAeA;AAAA,IACA,uBAAC,SAAI,WAAU,gBACb,iCAAC,YAAO,MAAK,UAAS,WAAU,eAAc,SAASK,WAAW,4BAAlE;AAAA;AAAA;AAAA;AAAA,WAEA,KAHF;AAAA;AAAA;AAAA;AAAA,WAIA;AAAA,OArBF;AAAA;AAAA;AAAA;AAAA,SAsBA;AAEJ;AAACC,KAtCuBR;AAAQ;AAAAS",
      "names": [
        "React",
        "CardItem",
        "imageUrl",
        "description",
        "likes",
        "setActive",
        "setIdCard",
        "elemId",
        "showPopUp",
        "_c",
        "$RefreshReg$"
      ],
      "sources": [
        "D:/Study/Новая папка/rss-react-task/src/components/CardItem/CardItem.tsx"
      ],
      "file": "D:/Study/Новая папка/rss-react-task/src/components/CardItem/CardItem.tsx"
    },
    "_coverageSchema": "1a1c01bbd47fc00a2c39e90264f33305004495a9",
    "hash": "9b37a8fc103874eaccefc03ca69410c611ae6b16"
  },
  "D:/Study/Новая папка/rss-react-task/src/components/Title/TitleComponent.tsx": {
    "path": "D:/Study/Новая папка/rss-react-task/src/components/Title/TitleComponent.tsx",
    "statementMap": {
      "0": {
        "start": {
          "line": 5,
          "column": 0
        },
        "end": {
          "line": 15,
          "column": 1
        }
      },
      "1": {
        "start": {
          "line": 6,
          "column": 2
        },
        "end": {
          "line": 8,
          "column": 3
        }
      },
      "2": {
        "start": {
          "line": 7,
[...]
        },
        "type": "if",
        "locations": [
          {
            "start": {
              "line": 5,
              "column": 0
            },
            "end": {
              "line": 15,
              "column": 1
            }
          },
          {
            "start": {},
            "end": {}
          }
        ],
        "line": 5
      },
      "1": {
        "loc": {
          "start": {
            "line": 6,
            "column": 2
          },
          "end": {
            "line": 8,
            "column": 3
          }
        },
        "type": "if",
        "locations": [
          {
            "start": {
              "line": 6,
              "column": 2
            },
            "end": {
              "line": 8,
              "column": 3
            }
          },
          {
            "start": {},
            "end": {}
          }
        ],
        "line": 6
      },
      "2": {
        "loc": {
          "start": {
            "line": 37,
            "column": 110
          },
          "end": {
            "line": 37,
            "column": 198
          }
        },
        "type": "cond-expr",
        "locations": [
          {
            "start": {
              "line": 37,
              "column": 124
            },
            "end": {
              "line": 37,
              "column": 128
            }
          },
          {
            "start": {
              "line": 37,
              "column": 131
            },
            "end": {
              "line": 37,
              "column": 198
            }
          }
        ],
        "line": 37
      },
      "3": {
        "loc": {
          "start": {
            "line": 69,
            "column": 4
          },
          "end": {
            "line": 92,
            "column": 12
          }
        },
        "type": "cond-expr",
        "locations": [
          {
            "start": {
              "line": 69,
              "column": 28
            },
            "end": {
              "line": 69,
              "column": 30
            }
          },
          {
            "start": {
              "line": 69,
              "column": 49
            },
            "end": {
              "line": 92,
              "column": 12
            }
          }
        ],
        "line": 69
      },
      "4": {
        "loc": {
          "start": {
            "line": 105,
            "column": 0
          },
          "end": {
            "line": 121,
            "column": 1
          }
        },
        "type": "if",
        "locations": [
          {
            "start": {
              "line": 105,
              "column": 0
            },
            "end": {
              "line": 121,
              "column": 1
            }
          },
          {
            "start": {},
            "end": {}
          }
        ],
        "line": 105
      },
      "5": {
        "loc": {
          "start": {
            "line": 114,
            "column": 6
          },
          "end": {
            "line": 115,
            "column": 15
          }
        },
        "type": "if",
        "locations": [
          {
            "start": {
              "line": 114,
              "column": 6
            },
            "end": {
              "line": 115,
              "column": 15
            }
          },
          {
            "start": {},
            "end": {}
          }
        ],
        "line": 114
      },
      "6": {
        "loc": {
          "start": {
            "line": 117,
            "column": 6
          },
          "end": {
            "line": 118,
            "column": 54
          }
        },
        "type": "if",
        "locations": [
          {
            "start": {
              "line": 117,
              "column": 6
            },
            "end": {
              "line": 118,
              "column": 54
            }
          },
          {
            "start": {},
            "end": {}
          }
        ],
        "line": 117
      }
    },
    "s": {
      "0": 17,
      "1": 17,
      "2": 0,
      "3": 17,
      "4": 17,
      "5": 17,
      "6": 17,
      "7": 17,
      "8": 17,
      "9": 10,
      "10": 10,
      "11": 10,
      "12": 12,
      "13": 10,
      "14": 4,
      "15": 10,
      "16": 4,
      "17": 17,
      "18": 4,
      "19": 17,
      "20": 17,
      "21": 17,
      "22": 17,
      "23": 17,
      "24": 17,
      "25": 16,
      "26": 16,
      "27": 0,
      "28": 0,
      "29": 0,
      "30": 0,
      "31": 0
    },
    "f": {
      "0": 17,
      "1": 10,
      "2": 12,
      "3": 4,
      "4": 4,
      "5": 4,
      "6": 16,
      "7": 0
    },
    "b": {
      "0": [
        17,
        0
      ],
      "1": [
        0,
        17
      ],
      "2": [
        4,
        6
      ],
      "3": [
        6,
        4
      ],
      "4": [
        17,
        0
      ],
      "5": [
        0,
        0
      ],
      "6": [
        0,
        0
      ]
    },
    "inputSourceMap": {
      "version": 3,
      "mappings": "AAkBI,mBAGM,cAHN;;;;;;;;;;;;;;;;AAlBJ,OAAOA,WAAW;AAElB,OAAOC,kBAAkB;AACzB,OAAOC,oBAAoB;AAC3B,OAAOC,mBAAmB;AAE1B,SAASC,sBAAsB;AAI/B,wBAAwBC,YAAY;AAAAC;AAClC,QAAM,CAACC,MAAMC,OAAO,IAAIR,MAAMS,SAAS,EAAE;AACzC,QAAMC,WAAWN,eAAgBO,WAAUA,MAAMC,YAAYC,KAAK;AAClE,QAAMC,aAAad,MAAMe,YAAY,CAACC,YAAoB;AACxDR,YAAQQ,OAAO;AAAA,EACjB,GAAG,EAAE;AAEL,SACE,mCACE;AAAA,2BAAC,SAAI,WAAU,YACb,iCAAC,SAAI,WAAU,oBACb;AAAA,6BAAC,kBAAe,MAAK,mBAArB;AAAA;AAAA;AAAA;AAAA,aAAoC;AAAA,MACpC,uBAAC,SAAI,WAAU,gBACb;AAAA,+BAAC,SAAI,WAAU,YACb,iCAAC,SACC,KACET,SAAS,KACLA,OACA,qEAEN,KAAI,oBANN;AAAA;AAAA;AAAA;AAAA,eAMsB,KAPxB;AAAA;AAAA;AAAA;AAAA,eASA;AAAA,QACA,uBAAC,SAAI,WAAU,cACb,iCAAC,iBAAc,cAAf;AAAA;AAAA;AAAA;AAAA,eAAsC,KADxC;AAAA;AAAA;AAAA;AAAA,eAEA;AAAA,WAbF;AAAA;AAAA;AAAA;AAAA,aAcA;AAAA,SAhBF;AAAA;AAAA;AAAA;AAAA,WAiBA,KAlBF;AAAA;AAAA;AAAA;AAAA,WAmBA;AAAA,IACCG,SAASO,WAAW,IACnB,KAEA,uBAAC,SAAI,WAAU,gBACb,iCAAC,SAAI,WAAU,oBACb;AAAA,6BAAC,kBAAe,MAAK,cAArB;AAAA;AAAA;AAAA;AAAA,aAA+B;AAAA,MAC/B,uBAAC,SAAI,WAAU,uBACZP,mBAASQ,IAAI,CAACC,MAAkBC,UAC/B,uBAAC,gBAEC,aAAaD,KAAKE,aAClB,UAAUF,KAAKG,UACf,OAAOH,KAAKI,OACZ,UAAUJ,KAAKK,UACf,QAAQL,KAAKM,QACb,MAAMN,KAAKZ,MACX,UAAUY,KAAKO,YAPT,IAAGN,MAAMO,SAAQ,KADzB;AAAA;AAAA;AAAA;AAAA,aAQ0B,CAE3B,KAZH;AAAA;AAAA;AAAA;AAAA,aAaA;AAAA,SAfF;AAAA;AAAA;AAAA;AAAA,WAgBA,KAjBF;AAAA;AAAA;AAAA;AAAA,WAkBA;AAAA,OA1CJ;AAAA;AAAA;AAAA;AAAA,SA4CA;AAEJ;AAACrB,GAtDuBD,WAAS;AAAA,UAEdD,cAAc;AAAA;AAAAwB,KAFTvB;AAAS;AAAAwB",
      "names": [
        "React",
        "FormCardItem",
        "TitleComponent",
        "FormComponent",
        "useAppSelector",
        "FormsPage",
        "_s",
        "file",
        "setFile",
        "useState",
        "cardList",
        "state",
        "formReducer",
        "forms",
        "updateFile",
        "useCallback",
        "fileUrl",
        "length",
        "map",
        "elem",
        "index",
        "description",
        "delivery",
        "price",
        "discount",
        "person",
        "material",
        "toString",
        "_c",
        "$RefreshReg$"
      ],
      "sources": [
        "D:/Study/Новая папка/rss-react-task/src/pages/Forms/Forms.tsx"
      ],
      "file": "D:/Study/Новая папка/rss-react-task/src/pages/Forms/Forms.tsx"
    },
    "_coverageSchema": "1a1c01bbd47fc00a2c39e90264f33305004495a9",
    "hash": "164fdede7778dd0d75f1ec0a4379249e54416143"
  },
  "D:/Study/Новая папка/rss-react-task/src/App.tsx": {
    "path": "D:/Study/Новая папка/rss-react-task/src/App.tsx",
    "statementMap": {
      "0": {
        "start": {
          "line": 5,
          "column": 0
        },
        "end": {
          "line": 15,
          "column": 1
        }
      },
      "1": {
        "start": {
          "line": 6,
          "column": 2
        },
        "end": {
          "line": 8,
          "column": 3
        }
      },
      "2": {
        "start": {
          "line": 7,
          "column": 4
        },
        "end": {
          "line": 7,
          "column": 165
        }
      },
      "3": {
        "start": {
          "line": 9,
          "column": 2
        },
        "end": {
          "line": 9,
          "column": 39
        }
      },
      "4": {
        "start": {
          "line": 10,
          "column": 2
        },
        "end": {
          "line": 10,
          "column": 39
        }
      },
      "5": {
        "start": {
          "line": 11,
          "column": 2
        },
        "end": {
          "line": 13,
          "column": 4
        }
      },
      "6": {
        "start": {
          "line": 12,
          "column": 4
        },
        "end": {
          "line": 12,
          "column": 91
        }
      },
      "7": {
        "start": {
          "line": 14,
          "column": 2
        },
        "end": {
          "line": 14,
          "column": 75
        }
      },
      "8": {
        "start": {
          "line": 24,
          "column": 2
        },
        "end": {
          "line": 88,
          "column": 11
        }
      },
      "9": {
        "start": {
          "line": 90,
          "column": 0
        },
        "end": {
          "line": 90,
          "column": 9
        }
      },
      "10": {
        "start": {
          "line": 92,
          "column": 0
        },
        "end": {
          "line": 92,
          "column": 24
        }
      },
      "11": {
        "start": {
          "line": 93,
          "column": 0
        },
        "end": {
          "line": 109,
          "column": 1
        }
      },
      "12": {
        "start": {
          "line": 94,
          "column": 2
        },
        "end": {
          "line": 94,
          "column": 39
        }
      },
      "13": {
        "start": {
          "line": 95,
          "column": 2
        },
        "end": {
          "line": 95,
          "column": 39
        }
      },
      "14": {
        "start": {
          "line": 96,
          "column": 2
        },
        "end": {
          "line": 108,
          "column": 5
        }
      },
      "15": {
        "start": {
          "line": 100,
          "column": 4
        },
        "end": {
          "line": 100,
          "column": 117
        }
      },
      "16": {
        "start": {
          "line": 101,
          "column": 4
        },
        "end": {
          "line": 107,
          "column": 7
        }
      },
      "17": {
        "start": {
          "line": 102,
          "column": 6
        },
        "end": {
          "line": 103,
          "column": 15
        }
      },
      "18": {
        "start": {
          "line": 103,
          "column": 8
        },
        "end": {
          "line": 103,
          "column": 15
        }
      },
      "19": {
        "start": {
          "line": 104,
          "column": 32
        },
        "end": {
          "line": 104,
          "column": 115
        }
      },
      "20": {
        "start": {
          "line": 105,
          "column": 6
        },
        "end": {
          "line": 106,
          "column": 54
        }
      },
      "21": {
        "start": {
          "line": 106,
          "column": 8
        },
        "end": {
          "line": 106,
          "column": 54
        }
      }
    },
    "fnMap": {
      "0": {
        "name": "(anonymous_0)",
        "decl": {
          "start": {
            "line": 11,
            "column": 24
          },
          "end": {
            "line": 11,
            "column": 25
          }
        },
        "loc": {
          "start": {
            "line": 11,
            "column": 38
          },
          "end": {
            "line": 13,
            "column": 3
          }
        },
        "line": 11
      },
      "1": {
        "name": "App",
        "decl": {
          "start": {
            "line": 23,
            "column": 24
          },
          "end": {
            "line": 23,
            "column": 27
          }
        },
        "loc": {
          "start": {
            "line": 23,
            "column": 30
          },
          "end": {
            "line": 89,
            "column": 1
          }
        },
        "line": 23
      },
      "2": {
        "name": "(anonymous_2)",
        "decl": {
          "start": {
            "line": 99,
            "column": 9
          },
          "end": {
            "line": 99,
            "column": 10
          }
        },
        "loc": {
          "start": {
            "line": 99,
            "column": 29
          },
          "end": {
            "line": 108,
            "column": 3
          }
        },
        "line": 99
      },
      "3": {
        "name": "(anonymous_3)",
        "decl": {
          "start": {
            "line": 101,
            "column": 27
          },
          "end": {
            "line": 101,
            "column": 28
          }
        },
        "loc": {
          "start": {
            "line": 101,
            "column": 44
          },
          "end": {
            "line": 107,
            "column": 5
          }
        },
        "line": 101
      }
    },
    "branchMap": {
      "0": {
        "loc": {
          "start": {
            "line": 5,
            "column": 0
          },
          "end": {
            "line": 15,
            "column": 1
          }
        },
        "type": "if",
        "locations": [
          {
            "start": {
              "line": 5,
              "column": 0
            },
            "end": {
              "line": 15,
              "column": 1
            }
          },
          {
            "start": {},
            "end": {}
          }
        ],
        "line": 5
      },
      "1": {
        "loc": {
          "start": {
            "line": 6,
            "column": 2
          },
          "end": {
            "line": 8,
            "column": 3
          }
        },
        "type": "if",
        "locations": [
          {
            "start": {
              "line": 6,
              "column": 2
            },
            "end": {
              "line": 8,
              "column": 3
            }
          },
          {
            "start": {},
            "end": {}
          }
        ],
        "line": 6
      },
      "2": {
        "loc": {
          "start": {
            "line": 93,
            "column": 0
          },
          "end": {
            "line": 109,
            "column": 1
          }
        },
        "type": "if",
        "locations": [
          {
            "start": {
              "line": 93,
              "column": 0
            },
            "end": {
              "line": 109,
              "column": 1
            }
          },
          {
            "start": {},
            "end": {}
          }
        ],
        "line": 93
      },
      "3": {
        "loc": {
          "start": {
            "line": 102,
            "column": 6
          },
          "end": {
            "line": 103,
            "column": 15
          }
        },
        "type": "if",
        "locations": [
          {
            "start": {
              "line": 102,
              "column": 6
            },
            "end": {
              "line": 103,
              "column": 15
            }
          },
          {
            "start": {},
            "end": {}
          }
        ],
        "line": 102
      },
      "4": {
        "loc": {
          "start": {
            "line": 105,
            "column": 6
          },
          "end": {
            "line": 106,
            "column": 54
          }
        },
        "type": "if",
        "locations": [
          {
            "start": {
              "line": 105,
              "column": 6
            },
            "end": {
              "line": 106,
              "column": 54
            }
          },
          {
            "start": {},
            "end": {}
          }
        ],
        "line": 105
      }
    },
    "s": {
      "0": 17,
      "1": 17,
      "2": 0,
      "3": 17,
      "4": 17,
      "5": 17,
      "6": 17,
      "7": 17,
      "8": 17,
      "9": 17,
      "10": 17,
      "11": 17,
      "12": 17,
      "13": 17,
      "14": 17,
      "15": 16,
      "16": 16,
      "17": 0,
      "18": 0,
      "19": 0,
      "20": 0,
      "21": 0
    },
    "f": {
      "0": 17,
      "1": 17,
      "2": 16,
      "3": 0
    },
    "b": {
      "0": [
        17,
        0
      ],
      "1": [
        0,
        17
      ],
      "2": [
        17,
        0
      ],
      "3": [
        0,
        0
      ],
      "4": [
        0,
        0
      ]
    },
    "inputSourceMap": {
      "version": 3,
      "mappings": "AAeiC;AAfjC,OAAOA,oBAAkB;AAAA;AAAA;AAAA;AAAA;AAAA;AAAA;AAAA;AAAA;AAAA;AAAA;AAAA;AAAA;AAAA;AACzB,SAASC,UAAUC,OAAOC,cAAc;AAExC,OAAOC,UAAU;AACjB,OAAOC,cAAc;AACrB,OAAOC,kBAAkB;AACzB,OAAOC,iBAAiB;AACxB,OAAOC,eAAe;AAEtB,OAAO;AAEP,wBAAwBC,MAAM;AAC5B,SACE,uBAAC,SAAI,WAAU,OAAM,eAAY,iBAC/B,iCAAC,UACC;AAAA,2BAAC,SAAM,MAAK,KAAI,SAAS,uBAAC,UAAD;AAAA;AAAA;AAAA;AAAA,WAAK,GAC5B;AAAA,6BAAC,SAAM,OAAK,MAAC,SAAS,uBAAC,cAAD;AAAA;AAAA;AAAA;AAAA,aAAS,KAA/B;AAAA;AAAA;AAAA;AAAA,aAAmC;AAAA,MACnC,uBAAC,SAAM,MAAK,YAAW,SAAS,uBAAC,iBAAD;AAAA;AAAA;AAAA;AAAA,aAAY,KAA5C;AAAA;AAAA;AAAA;AAAA,aAAgD;AAAA,MAChD,uBAAC,SAAM,MAAK,QAAO,SAAS,uBAAC,kBAAD;AAAA;AAAA;AAAA;AAAA,aAAa,KAAzC;AAAA;AAAA;AAAA;AAAA,aAA6C;AAAA,MAC7C,uBAAC,SAAM,MAAK,UAAS,SAAS,uBAAC,eAAD;AAAA;AAAA;AAAA;AAAA,aAAU,KAAxC;AAAA;AAAA;AAAA;AAAA,aAA4C;AAAA,SAJ9C;AAAA;AAAA;AAAA;AAAA,WAKA;AAAA,IACA,uBAAC,SAAM,MAAK,KAAI,SAAS,uBAAC,YAAS,SAAO,MAAC,IAAG,UAArB;AAAA;AAAA;AAAA;AAAA,WAA2B,KAApD;AAAA;AAAA;AAAA;AAAA,WAAwD;AAAA,OAP1D;AAAA;AAAA;AAAA;AAAA,SAQA,KATF;AAAA;AAAA;AAAA;AAAA,SAUA;AAEJ;AAACC,KAduBD;AAAG;AAAAE",
      "names": [
        "React",
        "Navigate",
        "Route",
        "Routes",
        "Root",
        "MainPage",
        "NotFoundPage",
        "AboutUsPage",
        "FormsPage",
        "App",
        "_c",
        "$RefreshReg$"
      ],
      "sources": [
        "D:/Study/Новая папка/rss-react-task/src/App.tsx"
      ],
      "file": "D:/Study/Новая папка/rss-react-task/src/App.tsx"
    },
    "_coverageSchema": "1a1c01bbd47fc00a2c39e90264f33305004495a9",
    "hash": "e8320bb26b4b557599349db184adc41ef2de3feb"
  },
  "D:/Study/Новая папка/rss-react-task/src/entry-client.tsx": {
    "path": "D:/Study/Новая папка/rss-react-task/src/entry-client.tsx",
    "statementMap": {
      "0": {
        "start": {
          "line": 11,
          "column": 14
        },
        "end": {
          "line": 11,
          "column": 52
        }
      },
      "1": {
        "start": {
          "line": 12,
          "column": 0
        },
        "end": {
          "line": 12,
          "column": 34
        }
      },
      "2": {
        "start": {
          "line": 13,
          "column": 0
        },
        "end": {
          "line": 25,
          "column": 10
        }
      }
    },
    "fnMap": {},
    "branchMap": {},
    "s": {
      "0": 17,
      "1": 17,
      "2": 17
    },
    "f": {},
    "b": {},
    "inputSourceMap": {
      "version": 3,
      "mappings": "AA6BM;AA3BN,SAASA,qBAAqB;AAC9B,SAASC,mBAAmB;AAC5B,SAASC,gBAAgB;AAGzB,SAAoBC,kBAAkB;AAEtC,OAAOC,SAAS;AAChB,OAAO;AAEP,OAAO;AACP,OAAO;AACP,OAAO;AAQP,MAAMC,QAAQF,WAAWG,OAAOC,mBAAmB;AACnD,OAAOD,OAAOC;AAEdN,YACEO,SAASC,eAAe,MAAM,GAC9B,uBAAC,YAAS,OACR,iCAAC,iBACC,iCAAC,SAAD;AAAA;AAAA;AAAA;AAAA,OAAI,KADN;AAAA;AAAA;AAAA;AAAA,OAEA,KAHF;AAAA;AAAA;AAAA;AAAA,OAIA,CAAW",
      "names": [
        "BrowserRouter",
        "hydrateRoot",
        "Provider",
        "setupStore",
        "App",
        "store",
        "window",
        "__PRELOADED_STATE__",
        "document",
        "getElementById"
      ],
      "sources": [
        "D:/Study/Новая папка/rss-react-task/src/entry-client.tsx"
      ],
      "file": "D:/Study/Новая папка/rss-react-task/src/entry-client.tsx"
    },
    "_coverageSchema": "1a1c01bbd47fc00a2c39e90264f33305004495a9",
    "hash": "3117ca80fec7f30c307761e8ebf26bfedfd2b89c"
  }
}